TN:
SF:./builds/dev/scripts/main/scripts/app.js
FN:17,(anonymous_1)
FN:38,(anonymous_2)
FNF:2
FNH:0
FNDA:0,(anonymous_1)
FNDA:0,(anonymous_2)
DA:2,1
DA:4,1
DA:6,1
DA:8,1
DA:10,1
DA:12,1
DA:14,1
DA:16,1
DA:18,0
DA:19,0
DA:36,0
LF:11
LH:8
BRF:0
BRH:0
end_of_record
TN:
SF:./builds/dev/scripts/components/filters/messages/messages-filter.js
FN:3,(anonymous_1)
FN:9,(anonymous_2)
FN:12,(anonymous_3)
FN:15,(anonymous_4)
FNF:4
FNH:4
FNDA:3,(anonymous_1)
FNDA:2,(anonymous_2)
FNDA:1,(anonymous_3)
FNDA:3,(anonymous_4)
DA:2,1
DA:4,3
DA:5,3
DA:9,3
DA:10,2
DA:12,3
DA:13,1
DA:15,3
DA:16,3
DA:21,3
LF:10
LH:10
BRF:0
BRH:0
end_of_record
TN:
SF:./builds/dev/scripts/components/filters/messages/specs/messages-filter-spec.js
FN:2,(anonymous_1)
FN:6,(anonymous_2)
FN:9,(anonymous_3)
FN:10,(anonymous_4)
FN:15,(anonymous_5)
FN:21,(anonymous_6)
FN:22,(anonymous_7)
FNF:7
FNH:7
FNDA:1,(anonymous_1)
FNDA:3,(anonymous_2)
FNDA:1,(anonymous_3)
FNDA:1,(anonymous_4)
FNDA:1,(anonymous_5)
FNDA:1,(anonymous_6)
FNDA:1,(anonymous_7)
DA:2,1
DA:3,1
DA:4,1
DA:5,1
DA:6,1
DA:7,3
DA:9,1
DA:10,1
DA:11,1
DA:12,1
DA:13,1
DA:15,1
DA:16,1
DA:17,1
DA:18,1
DA:21,1
DA:22,1
DA:23,1
DA:24,1
DA:25,1
DA:26,1
LF:21
LH:21
BRF:0
BRH:0
end_of_record
TN:
SF:./builds/dev/scripts/features/random/scripts/random-controller.js
FN:3,(anonymous_1)
FN:15,(anonymous_2)
FN:21,(anonymous_3)
FN:25,(anonymous_4)
FN:28,(anonymous_5)
FN:34,(anonymous_6)
FN:45,(anonymous_7)
FN:56,(anonymous_8)
FN:63,(anonymous_9)
FN:78,(anonymous_10)
FN:102,(anonymous_11)
FN:119,(anonymous_12)
FN:126,(anonymous_13)
FNF:13
FNH:13
FNDA:14,(anonymous_1)
FNDA:14,(anonymous_2)
FNDA:10,(anonymous_3)
FNDA:63,(anonymous_4)
FNDA:51,(anonymous_5)
FNDA:23,(anonymous_6)
FNDA:22,(anonymous_7)
FNDA:4,(anonymous_8)
FNDA:22,(anonymous_9)
FNDA:7,(anonymous_10)
FNDA:2,(anonymous_11)
FNDA:13,(anonymous_12)
FNDA:1,(anonymous_13)
DA:2,1
DA:4,14
DA:5,14
DA:6,14
DA:7,14
DA:11,14
DA:14,14
DA:15,14
DA:16,14
DA:17,14
DA:18,14
DA:19,14
DA:21,14
DA:22,10
DA:23,10
DA:24,10
DA:25,10
DA:26,63
DA:28,10
DA:29,51
DA:34,14
DA:35,23
DA:36,23
DA:37,23
DA:38,23
DA:39,290
DA:40,290
DA:41,290
DA:43,23
DA:45,14
DA:46,22
DA:47,22
DA:48,22
DA:49,22
DA:50,22
DA:51,1150
DA:52,1150
DA:54,22
DA:56,14
DA:57,4
DA:58,4
DA:59,4
DA:60,4
DA:61,4
DA:63,14
DA:64,22
DA:65,22
DA:66,22
DA:67,5
DA:69,17
DA:70,17
DA:72,22
DA:76,22
DA:78,14
DA:79,7
DA:80,7
DA:81,7
DA:82,7
DA:83,7
DA:84,7
DA:85,7
DA:86,1
DA:88,7
DA:89,6
DA:90,20
DA:91,20
DA:92,20
DA:94,6
DA:98,6
DA:100,7
DA:102,14
DA:103,2
DA:104,2
DA:105,2
DA:106,2
DA:107,2
DA:108,2
DA:109,1
DA:111,1
DA:113,2
DA:114,4
DA:115,4
DA:117,2
DA:119,14
DA:120,13
DA:121,9
DA:123,4
DA:126,14
DA:127,1
DA:129,14
LF:90
LH:90
BRDA:36,1,0,23
BRDA:36,1,1,22
BRDA:48,2,0,5
BRDA:48,2,1,17
BRDA:60,3,0,4
BRDA:60,3,1,2
BRDA:66,4,0,5
BRDA:66,4,1,17
BRDA:81,5,0,7
BRDA:81,5,1,7
BRDA:84,6,0,7
BRDA:84,6,1,6
BRDA:85,7,0,1
BRDA:85,7,1,6
BRDA:85,8,0,7
BRDA:85,8,1,6
BRDA:88,9,0,6
BRDA:88,9,1,1
BRDA:108,10,0,1
BRDA:108,10,1,1
BRDA:120,11,0,9
BRDA:120,11,1,4
BRDA:120,12,0,13
BRDA:120,12,1,9
BRDA:120,13,0,12
BRDA:120,13,1,1
BRF:26
BRH:26
end_of_record
TN:
SF:./builds/dev/scripts/features/random/scripts/random-routes.js
FN:3,(anonymous_1)
FNF:1
FNH:0
FNDA:0,(anonymous_1)
DA:2,1
DA:4,0
LF:2
LH:1
BRF:0
BRH:0
end_of_record
TN:
SF:./builds/dev/scripts/features/random/specs/random-config-spec.js
FN:2,(anonymous_1)
FN:8,(anonymous_2)
FN:12,(anonymous_3)
FN:13,(anonymous_4)
FNF:4
FNH:4
FNDA:1,(anonymous_1)
FNDA:1,(anonymous_2)
FNDA:1,(anonymous_3)
FNDA:1,(anonymous_4)
DA:2,1
DA:3,1
DA:4,1
DA:5,1
DA:6,1
DA:7,1
DA:8,1
DA:9,1
DA:10,1
DA:12,1
DA:13,1
DA:14,1
DA:15,1
DA:16,1
DA:17,1
DA:18,1
DA:19,1
DA:20,1
LF:18
LH:18
BRF:0
BRH:0
end_of_record
TN:
SF:./builds/dev/scripts/features/random/specs/random-spec.js
FN:2,(anonymous_1)
FN:10,(anonymous_2)
FN:18,(anonymous_3)
FN:19,(anonymous_4)
FN:26,(anonymous_5)
FN:27,(anonymous_6)
FN:35,(anonymous_7)
FN:36,(anonymous_8)
FN:44,(anonymous_9)
FN:51,(anonymous_10)
FN:58,(anonymous_11)
FN:65,(anonymous_12)
FN:73,(anonymous_13)
FN:74,(anonymous_14)
FN:90,(anonymous_15)
FN:110,(anonymous_16)
FN:111,(anonymous_17)
FN:132,(anonymous_18)
FN:152,(anonymous_19)
FN:153,(anonymous_20)
FN:170,(anonymous_21)
FN:177,(anonymous_22)
FN:186,(anonymous_23)
FN:187,(anonymous_24)
FN:206,(anonymous_25)
FN:214,(anonymous_26)
FNF:26
FNH:26
FNDA:1,(anonymous_1)
FNDA:14,(anonymous_2)
FNDA:1,(anonymous_3)
FNDA:1,(anonymous_4)
FNDA:1,(anonymous_5)
FNDA:1,(anonymous_6)
FNDA:1,(anonymous_7)
FNDA:4,(anonymous_8)
FNDA:1,(anonymous_9)
FNDA:1,(anonymous_10)
FNDA:1,(anonymous_11)
FNDA:1,(anonymous_12)
FNDA:1,(anonymous_13)
FNDA:1,(anonymous_14)
FNDA:1,(anonymous_15)
FNDA:1,(anonymous_16)
FNDA:1,(anonymous_17)
FNDA:1,(anonymous_18)
FNDA:1,(anonymous_19)
FNDA:2,(anonymous_20)
FNDA:1,(anonymous_21)
FNDA:1,(anonymous_22)
FNDA:1,(anonymous_23)
FNDA:2,(anonymous_24)
FNDA:1,(anonymous_25)
FNDA:1,(anonymous_26)
DA:2,1
DA:3,1
DA:4,1
DA:5,1
DA:6,1
DA:7,1
DA:8,1
DA:9,1
DA:10,1
DA:11,14
DA:12,14
DA:16,14
DA:18,1
DA:19,1
DA:20,1
DA:21,1
DA:22,1
DA:23,1
DA:26,1
DA:27,1
DA:28,1
DA:29,1
DA:30,1
DA:31,1
DA:32,1
DA:35,1
DA:36,1
DA:37,4
DA:44,1
DA:45,1
DA:46,1
DA:47,1
DA:48,1
DA:49,1
DA:51,1
DA:52,1
DA:53,1
DA:54,1
DA:55,1
DA:56,1
DA:58,1
DA:59,1
DA:60,1
DA:61,1
DA:62,1
DA:63,1
DA:65,1
DA:66,1
DA:67,1
DA:68,1
DA:69,1
DA:70,1
DA:73,1
DA:74,1
DA:75,1
DA:76,1
DA:77,1
DA:86,1
DA:87,1
DA:88,1
DA:90,1
DA:91,1
DA:92,1
DA:93,1
DA:102,1
DA:103,1
DA:104,1
DA:105,1
DA:106,1
DA:107,1
DA:110,1
DA:111,1
DA:112,1
DA:113,1
DA:125,1
DA:126,1
DA:127,3
DA:128,3
DA:130,1
DA:132,1
DA:133,1
DA:134,1
DA:144,1
DA:145,1
DA:146,4
DA:147,4
DA:149,1
DA:152,1
DA:153,1
DA:154,2
DA:170,1
DA:171,1
DA:172,1
DA:173,1
DA:174,1
DA:175,1
DA:177,1
DA:178,1
DA:179,1
DA:180,1
DA:181,1
DA:182,1
DA:183,1
DA:186,1
DA:187,1
DA:188,2
DA:206,1
DA:207,1
DA:208,1
DA:209,1
DA:210,1
DA:211,1
DA:212,1
DA:214,1
DA:215,1
DA:216,1
DA:217,1
DA:218,1
DA:219,1
DA:220,1
DA:221,1
DA:222,3
DA:223,3
DA:225,1
LF:124
LH:124
BRF:0
BRH:0
end_of_record
TN:
SF:./builds/dev/scripts/main/scripts/constants/base-url-constant.js
FNF:0
FNH:0
DA:2,1
LF:1
LH:1
BRF:0
BRH:0
end_of_record
TN:
SF:./builds/dev/scripts/main/scripts/config/routes/config-routes.js
FN:3,(anonymous_1)
FNF:1
FNH:0
FNDA:0,(anonymous_1)
DA:2,1
DA:4,0
LF:2
LH:1
BRF:0
BRH:0
end_of_record
TN:
SF:./builds/dev/scripts/main/specs/utils/stateMock.js
FN:5,(anonymous_1)
FN:8,(anonymous_2)
FN:9,(anonymous_3)
FN:31,(anonymous_4)
FN:32,(anonymous_5)
FN:36,(anonymous_6)
FN:37,(anonymous_7)
FN:41,(anonymous_8)
FN:42,(anonymous_9)
FNF:9
FNH:8
FNDA:15,(anonymous_1)
FNDA:15,(anonymous_2)
FNDA:1,(anonymous_3)
FNDA:15,(anonymous_4)
FNDA:0,(anonymous_5)
FNDA:15,(anonymous_6)
FNDA:1,(anonymous_7)
FNDA:15,(anonymous_8)
FNDA:1,(anonymous_9)
DA:2,1
DA:4,1
DA:6,15
DA:7,15
DA:8,15
DA:9,15
DA:10,1
DA:11,1
DA:12,1
DA:13,1
DA:14,1
DA:15,1
DA:16,1
DA:17,0
DA:20,0
DA:22,1
DA:23,1
DA:24,1
DA:25,1
DA:26,1
DA:27,1
DA:30,15
DA:31,15
DA:32,15
DA:33,0
DA:36,15
DA:37,15
DA:38,1
DA:41,15
DA:42,15
DA:43,1
DA:44,0
DA:46,1
DA:50,15
LF:34
LH:30
BRDA:14,1,0,1
BRDA:14,1,1,0
BRDA:16,2,0,0
BRDA:16,2,1,1
BRDA:43,3,0,0
BRDA:43,3,1,1
BRF:6
BRH:3
end_of_record
